03:51:06 INFO  : Registering command handlers for SDK TCF services
03:51:07 INFO  : Launching XSCT server: xsct.bat -interactive C:\Users\gcapo\Documents\CESE\05_MyS\Labs\sum\sum.sdk\temp_xsdb_launch_script.tcl
03:51:09 INFO  : XSCT server has started successfully.
03:51:09 INFO  : Successfully done setting XSCT server connection channel  
03:51:10 INFO  : Successfully done setting SDK workspace  
03:51:10 INFO  : Processing command line option -hwspec C:/Users/gcapo/Documents/CESE/05_MyS/Labs/sum/sum.sdk/sistema_wrapper.hdf.
04:01:21 INFO  : Connected to target on host 'lseserver.ddns.net' and port '3121'.
04:01:26 INFO  : Connected to target on host 'lseserver.ddns.net' and port '3121'.
04:01:44 INFO  : Connected through redirection to target on host 'lseserver.ddns.net' and port '3121'.
04:01:45 WARN  : SDK version '2018.1' doesn't match hw_server version '2022.1'. Some debug features may not work.
04:02:09 INFO  : Jtag cable 'Digilent Arty Z7 003017A4C81CA' is selected.
04:02:09 INFO  : 'jtag frequency' command is executed.
04:02:09 INFO  : Sourcing of 'C:/Users/gcapo/Documents/CESE/05_MyS/Labs/sum/sum.sdk/sistema_wrapper_hw_platform_0/ps7_init.tcl' is done.
04:02:12 ERROR : no targets found with "name =~"APU*" && jtag_cable_name =~ "Digilent Arty Z7 003017A4C81CA"". available targets:
  1  DAP (APB AP transaction error, DAP status 0x30000021)
  2  xc7z010
     3  Legacy Debug Hub
  4  DAP (AHB AP transaction error, DAP status 0x30000021)
  5  xc7z010
     6  Legacy Debug Hub
04:02:12 INFO  : ----------------XSDB Script----------------
connect -path [list tcp::1534 tcp:lseserver.ddns.net:3121]
source C:/Users/gcapo/Documents/CESE/05_MyS/Labs/sum/sum.sdk/sistema_wrapper_hw_platform_0/ps7_init.tcl
targets -set -nocase -filter {name =~"APU*" && jtag_cable_name =~ "Digilent Arty Z7 003017A4C81CA"} -index 0
----------------End of Script----------------

04:03:04 INFO  : Connected to target on host 'lseserver.ddns.net' and port '3121'.
04:03:08 INFO  : Connected to target on host 'lseserver.ddns.net' and port '3121'.
04:03:14 INFO  : Connected through redirection to target on host 'lseserver.ddns.net' and port '3121'.
04:03:15 WARN  : SDK version '2018.1' doesn't match hw_server version '2022.1'. Some debug features may not work.
04:03:16 INFO  : Jtag cable 'Digilent Arty Z7 003017A4C8ABA' is selected.
04:03:16 INFO  : 'jtag frequency' command is executed.
04:03:16 INFO  : Sourcing of 'C:/Users/gcapo/Documents/CESE/05_MyS/Labs/sum/sum.sdk/sistema_wrapper_hw_platform_0/ps7_init.tcl' is done.
04:03:19 ERROR : no targets found with "name =~"APU*" && jtag_cable_name =~ "Digilent Arty Z7 003017A4C8ABA"". available targets:
  1  DAP (APB AP transaction error, DAP status 0x30000021)
  2  xc7z010
     3  Legacy Debug Hub
  4  DAP (AHB AP transaction error, DAP status 0x30000021)
  5  xc7z010
     6  Legacy Debug Hub
04:03:19 INFO  : ----------------XSDB Script----------------
connect -path [list tcp::1534 tcp:lseserver.ddns.net:3121]
source C:/Users/gcapo/Documents/CESE/05_MyS/Labs/sum/sum.sdk/sistema_wrapper_hw_platform_0/ps7_init.tcl
targets -set -nocase -filter {name =~"APU*" && jtag_cable_name =~ "Digilent Arty Z7 003017A4C8ABA"} -index 0
----------------End of Script----------------

04:14:23 INFO  : Registering command handlers for SDK TCF services
04:14:23 INFO  : Launching XSCT server: xsct.bat -interactive C:\Users\gcapo\Documents\CESE\05_MyS\Labs\sum\sum.sdk\temp_xsdb_launch_script.tcl
04:14:27 INFO  : XSCT server has started successfully.
04:14:27 INFO  : Successfully done setting XSCT server connection channel  
04:14:27 INFO  : Successfully done setting SDK workspace  
04:14:27 INFO  : Processing command line option -hwspec C:/Users/gcapo/Documents/CESE/05_MyS/Labs/sum/sum.sdk/sistema_wrapper.hdf.
04:14:27 INFO  : Checking for hwspec changes in the project sistema_wrapper_hw_platform_0.
04:16:34 INFO  : Connected to target on host 'lseserver.ddns.net' and port '3121'.
04:16:37 INFO  : Connected to target on host 'lseserver.ddns.net' and port '3121'.
04:16:42 INFO  : Connected through redirection to target on host 'lseserver.ddns.net' and port '3121'.
04:16:42 WARN  : SDK version '2018.1' doesn't match hw_server version '2022.1'. Some debug features may not work.
04:16:44 INFO  : Jtag cable 'Digilent Arty Z7 003017A4C8ABA' is selected.
04:16:44 INFO  : 'jtag frequency' command is executed.
04:16:44 INFO  : Sourcing of 'C:/Users/gcapo/Documents/CESE/05_MyS/Labs/sum/sum.sdk/sistema_wrapper_hw_platform_0/ps7_init.tcl' is done.
04:16:47 ERROR : no targets found with "name =~"APU*" && jtag_cable_name =~ "Digilent Arty Z7 003017A4C8ABA"". available targets:
  1  DAP (APB AP transaction error, DAP status 0x30000021)
  2  xc7z010
     3  Legacy Debug Hub
  4  DAP (AHB AP transaction error, DAP status 0x30000021)
  5  xc7z010
     6  Legacy Debug Hub
04:16:47 INFO  : ----------------XSDB Script----------------
connect -path [list tcp::1534 tcp:lseserver.ddns.net:3121]
source C:/Users/gcapo/Documents/CESE/05_MyS/Labs/sum/sum.sdk/sistema_wrapper_hw_platform_0/ps7_init.tcl
targets -set -nocase -filter {name =~"APU*" && jtag_cable_name =~ "Digilent Arty Z7 003017A4C8ABA"} -index 0
----------------End of Script----------------

06:55:25 INFO  : Registering command handlers for SDK TCF services
06:55:26 INFO  : Launching XSCT server: xsct.bat -interactive C:\Users\gcapo\Documents\CESE\05_MyS\TF\senial_seno_ila\senial_seno_ila.sdk\temp_xsdb_launch_script.tcl
06:55:29 INFO  : XSCT server has started successfully.
06:55:30 INFO  : Successfully done setting XSCT server connection channel  
06:55:30 INFO  : Successfully done setting SDK workspace  
06:55:30 INFO  : Processing command line option -hwspec C:/Users/gcapo/Documents/CESE/05_MyS/TF/senial_seno_ila/senial_seno_ila.sdk/sistema_wrapper.hdf.
12:40:27 INFO  : Connected to target on host 'lseserver.ddns.net' and port '3121'.
12:40:32 INFO  : Connected to target on host 'lseserver.ddns.net' and port '3121'.
12:40:42 INFO  : Connected through redirection to target on host 'lseserver.ddns.net' and port '3121'.
12:40:42 WARN  : SDK version '2018.1' doesn't match hw_server version '2022.1'. Some debug features may not work.
12:40:44 INFO  : Jtag cable 'Digilent Arty Z7 003017A4C81CA' is selected.
12:40:44 INFO  : 'jtag frequency' command is executed.
12:40:44 INFO  : Sourcing of 'C:/Users/gcapo/Documents/CESE/05_MyS/TF/senial_seno_ila/senial_seno_ila.sdk/sistema_wrapper_hw_platform_1/ps7_init.tcl' is done.
12:40:47 ERROR : no targets found with "name =~"APU*" && jtag_cable_name =~ "Digilent Arty Z7 003017A4C81CA"". available targets:
  1  DAP (APB AP transaction error, DAP status 0x30000021)
  2  xc7z010
     3  Legacy Debug Hub
  4  DAP (AHB AP transaction error, DAP status 0x30000021)
  5  xc7z010
12:40:47 INFO  : ----------------XSDB Script----------------
connect -path [list tcp::1534 tcp:lseserver.ddns.net:3121]
source C:/Users/gcapo/Documents/CESE/05_MyS/TF/senial_seno_ila/senial_seno_ila.sdk/sistema_wrapper_hw_platform_1/ps7_init.tcl
targets -set -nocase -filter {name =~"APU*" && jtag_cable_name =~ "Digilent Arty Z7 003017A4C81CA"} -index 0
----------------End of Script----------------

21:07:17 INFO  : Registering command handlers for SDK TCF services
21:07:18 INFO  : Launching XSCT server: xsct.bat -interactive C:\Users\gcapo\Documents\CESE\05_MyS\TF\senial_seno_ila\senial_seno_ila.sdk\temp_xsdb_launch_script.tcl
21:07:21 INFO  : XSCT server has started successfully.
21:07:26 INFO  : Successfully done setting XSCT server connection channel  
21:07:26 INFO  : Successfully done setting SDK workspace  
21:07:26 INFO  : Processing command line option -hwspec C:/Users/gcapo/Documents/CESE/05_MyS/TF/senial_seno_ila/senial_seno_ila.sdk/sistema_wrapper.hdf.
21:07:26 INFO  : Checking for hwspec changes in the project sistema_wrapper_hw_platform_1.
21:10:32 INFO  : Connected to target on host 'lseserver.ddns.net' and port '3121'.
21:10:41 INFO  : 'targets -set -filter {jtag_cable_name =~ "Digilent Arty Z7 003017A4C81CA" && level==0} -index 1' command is executed.
21:10:41 INFO  : 'fpga -state' command is executed.
21:10:43 INFO  : Connected through redirection to target on host 'lseserver.ddns.net' and port '3121'.
21:10:44 WARN  : SDK version '2018.1' doesn't match hw_server version '2022.1'. Some debug features may not work.
21:10:47 INFO  : Jtag cable 'Digilent Arty Z7 003017A4C81CA' is selected.
21:10:47 INFO  : 'jtag frequency' command is executed.
21:10:47 INFO  : Sourcing of 'C:/Users/gcapo/Documents/CESE/05_MyS/TF/senial_seno_ila/senial_seno_ila.sdk/sistema_wrapper_hw_platform_1/ps7_init.tcl' is done.
21:10:47 INFO  : Context for 'APU' is selected.
21:10:47 INFO  : Hardware design information is loaded from 'C:/Users/gcapo/Documents/CESE/05_MyS/TF/senial_seno_ila/senial_seno_ila.sdk/sistema_wrapper_hw_platform_1/system.hdf'.
21:10:48 INFO  : 'configparams force-mem-access 1' command is executed.
21:10:48 INFO  : Context for 'APU' is selected.
21:10:48 INFO  : 'stop' command is executed.
21:10:56 INFO  : 'ps7_init' command is executed.
21:10:56 INFO  : 'configparams force-mem-access 0' command is executed.
21:10:56 INFO  : ----------------XSDB Script----------------
connect -path [list tcp::1534 tcp:lseserver.ddns.net:3121]
source C:/Users/gcapo/Documents/CESE/05_MyS/TF/senial_seno_ila/senial_seno_ila.sdk/sistema_wrapper_hw_platform_1/ps7_init.tcl
targets -set -nocase -filter {name =~"APU*" && jtag_cable_name =~ "Digilent Arty Z7 003017A4C81CA"} -index 0
loadhw -hw C:/Users/gcapo/Documents/CESE/05_MyS/TF/senial_seno_ila/senial_seno_ila.sdk/sistema_wrapper_hw_platform_1/system.hdf -mem-ranges [list {0x40000000 0xbfffffff}]
configparams force-mem-access 1
targets -set -nocase -filter {name =~"APU*" && jtag_cable_name =~ "Digilent Arty Z7 003017A4C81CA"} -index 0
stop
ps7_init
configparams force-mem-access 0
----------------End of Script----------------

21:10:56 INFO  : Memory regions updated for context APU
21:10:56 INFO  : Launch script is exported to file 'C:\Users\gcapo\Documents\CESE\05_MyS\TF\senial_seno_ila\senial_seno_ila.sdk\.sdk\launch_scripts\xilinx_c-c++_application_(system_debugger)\system_debugger_on_servidor_cese.tcl'
21:14:21 INFO  : Disconnected from the channel tcfchan#2.
21:14:22 INFO  : 'targets -set -filter {jtag_cable_name =~ "Digilent Arty Z7 003017A4C81CA" && level==0} -index 1' command is executed.
21:14:22 INFO  : 'fpga -state' command is executed.
21:14:22 INFO  : Connected through redirection to target on host 'lseserver.ddns.net' and port '3121'.
21:14:22 WARN  : SDK version '2018.1' doesn't match hw_server version '2022.1'. Some debug features may not work.
21:14:27 INFO  : Jtag cable 'Digilent Arty Z7 003017A4C81CA' is selected.
21:14:27 INFO  : 'jtag frequency' command is executed.
21:14:27 INFO  : Sourcing of 'C:/Users/gcapo/Documents/CESE/05_MyS/TF/senial_seno_ila/senial_seno_ila.sdk/sistema_wrapper_hw_platform_1/ps7_init.tcl' is done.
21:14:27 INFO  : Context for 'APU' is selected.
21:14:30 INFO  : Hardware design information is loaded from 'C:/Users/gcapo/Documents/CESE/05_MyS/TF/senial_seno_ila/senial_seno_ila.sdk/sistema_wrapper_hw_platform_1/system.hdf'.
21:14:30 INFO  : 'configparams force-mem-access 1' command is executed.
21:14:30 INFO  : Context for 'APU' is selected.
21:14:30 INFO  : 'stop' command is executed.
21:14:38 INFO  : 'ps7_init' command is executed.
21:14:38 INFO  : 'configparams force-mem-access 0' command is executed.
21:14:38 INFO  : ----------------XSDB Script----------------
connect -path [list tcp::1534 tcp:lseserver.ddns.net:3121]
source C:/Users/gcapo/Documents/CESE/05_MyS/TF/senial_seno_ila/senial_seno_ila.sdk/sistema_wrapper_hw_platform_1/ps7_init.tcl
targets -set -nocase -filter {name =~"APU*" && jtag_cable_name =~ "Digilent Arty Z7 003017A4C81CA"} -index 0
loadhw -hw C:/Users/gcapo/Documents/CESE/05_MyS/TF/senial_seno_ila/senial_seno_ila.sdk/sistema_wrapper_hw_platform_1/system.hdf -mem-ranges [list {0x40000000 0xbfffffff}]
configparams force-mem-access 1
targets -set -nocase -filter {name =~"APU*" && jtag_cable_name =~ "Digilent Arty Z7 003017A4C81CA"} -index 0
stop
ps7_init
configparams force-mem-access 0
----------------End of Script----------------

21:14:38 INFO  : Memory regions updated for context APU
21:14:38 INFO  : Launch script is exported to file 'C:\Users\gcapo\Documents\CESE\05_MyS\TF\senial_seno_ila\senial_seno_ila.sdk\.sdk\launch_scripts\xilinx_c-c++_application_(system_debugger)\system_debugger_on_servidor_cese.tcl'
21:18:54 INFO  : Disconnected from the channel tcfchan#3.
21:18:55 INFO  : 'targets -set -filter {jtag_cable_name =~ "Digilent Arty Z7 003017A4C81CA" && level==0} -index 1' command is executed.
21:18:55 INFO  : 'fpga -state' command is executed.
21:18:55 INFO  : Connected through redirection to target on host 'lseserver.ddns.net' and port '3121'.
21:18:55 WARN  : SDK version '2018.1' doesn't match hw_server version '2022.1'. Some debug features may not work.
21:18:57 INFO  : Jtag cable 'Digilent Arty Z7 003017A4C81CA' is selected.
21:18:57 INFO  : 'jtag frequency' command is executed.
21:18:57 INFO  : Sourcing of 'C:/Users/gcapo/Documents/CESE/05_MyS/TF/senial_seno_ila/senial_seno_ila.sdk/sistema_wrapper_hw_platform_1/ps7_init.tcl' is done.
21:18:57 INFO  : Context for 'APU' is selected.
21:19:00 INFO  : Hardware design information is loaded from 'C:/Users/gcapo/Documents/CESE/05_MyS/TF/senial_seno_ila/senial_seno_ila.sdk/sistema_wrapper_hw_platform_1/system.hdf'.
21:19:00 INFO  : 'configparams force-mem-access 1' command is executed.
21:19:00 INFO  : Context for 'APU' is selected.
21:19:00 INFO  : 'stop' command is executed.
21:19:08 INFO  : 'ps7_init' command is executed.
21:19:08 INFO  : 'configparams force-mem-access 0' command is executed.
21:19:08 INFO  : ----------------XSDB Script----------------
connect -path [list tcp::1534 tcp:lseserver.ddns.net:3121]
source C:/Users/gcapo/Documents/CESE/05_MyS/TF/senial_seno_ila/senial_seno_ila.sdk/sistema_wrapper_hw_platform_1/ps7_init.tcl
targets -set -nocase -filter {name =~"APU*" && jtag_cable_name =~ "Digilent Arty Z7 003017A4C81CA"} -index 0
loadhw -hw C:/Users/gcapo/Documents/CESE/05_MyS/TF/senial_seno_ila/senial_seno_ila.sdk/sistema_wrapper_hw_platform_1/system.hdf -mem-ranges [list {0x40000000 0xbfffffff}]
configparams force-mem-access 1
targets -set -nocase -filter {name =~"APU*" && jtag_cable_name =~ "Digilent Arty Z7 003017A4C81CA"} -index 0
stop
ps7_init
configparams force-mem-access 0
----------------End of Script----------------

21:19:08 INFO  : Memory regions updated for context APU
21:19:08 INFO  : Launch script is exported to file 'C:\Users\gcapo\Documents\CESE\05_MyS\TF\senial_seno_ila\senial_seno_ila.sdk\.sdk\launch_scripts\xilinx_c-c++_application_(system_debugger)\system_debugger_on_servidor_cese.tcl'
21:20:51 INFO  : Disconnected from the channel tcfchan#4.
21:20:52 INFO  : 'targets -set -filter {jtag_cable_name =~ "Digilent Arty Z7 003017A4C81CA" && level==0} -index 1' command is executed.
21:20:52 INFO  : 'fpga -state' command is executed.
21:20:52 INFO  : Connected through redirection to target on host 'lseserver.ddns.net' and port '3121'.
21:20:52 WARN  : SDK version '2018.1' doesn't match hw_server version '2022.1'. Some debug features may not work.
21:20:54 INFO  : Jtag cable 'Digilent Arty Z7 003017A4C81CA' is selected.
21:20:54 INFO  : 'jtag frequency' command is executed.
21:20:54 INFO  : Sourcing of 'C:/Users/gcapo/Documents/CESE/05_MyS/TF/senial_seno_ila/senial_seno_ila.sdk/sistema_wrapper_hw_platform_1/ps7_init.tcl' is done.
21:20:54 INFO  : Context for 'APU' is selected.
21:20:57 INFO  : Hardware design information is loaded from 'C:/Users/gcapo/Documents/CESE/05_MyS/TF/senial_seno_ila/senial_seno_ila.sdk/sistema_wrapper_hw_platform_1/system.hdf'.
21:20:57 INFO  : 'configparams force-mem-access 1' command is executed.
21:20:57 INFO  : Context for 'APU' is selected.
21:20:57 INFO  : 'stop' command is executed.
21:21:05 INFO  : 'ps7_init' command is executed.
21:21:05 INFO  : 'configparams force-mem-access 0' command is executed.
21:21:05 INFO  : ----------------XSDB Script----------------
connect -path [list tcp::1534 tcp:lseserver.ddns.net:3121]
source C:/Users/gcapo/Documents/CESE/05_MyS/TF/senial_seno_ila/senial_seno_ila.sdk/sistema_wrapper_hw_platform_1/ps7_init.tcl
targets -set -nocase -filter {name =~"APU*" && jtag_cable_name =~ "Digilent Arty Z7 003017A4C81CA"} -index 0
loadhw -hw C:/Users/gcapo/Documents/CESE/05_MyS/TF/senial_seno_ila/senial_seno_ila.sdk/sistema_wrapper_hw_platform_1/system.hdf -mem-ranges [list {0x40000000 0xbfffffff}]
configparams force-mem-access 1
targets -set -nocase -filter {name =~"APU*" && jtag_cable_name =~ "Digilent Arty Z7 003017A4C81CA"} -index 0
stop
ps7_init
configparams force-mem-access 0
----------------End of Script----------------

21:21:05 INFO  : Memory regions updated for context APU
21:21:05 INFO  : Launch script is exported to file 'C:\Users\gcapo\Documents\CESE\05_MyS\TF\senial_seno_ila\senial_seno_ila.sdk\.sdk\launch_scripts\xilinx_c-c++_application_(system_debugger)\system_debugger_on_servidor_cese.tcl'
21:24:40 INFO  : Disconnected from the channel tcfchan#5.
21:24:41 INFO  : 'targets -set -filter {jtag_cable_name =~ "Digilent Arty Z7 003017A4C81CA" && level==0} -index 1' command is executed.
21:24:41 INFO  : 'fpga -state' command is executed.
21:24:41 INFO  : Connected through redirection to target on host 'lseserver.ddns.net' and port '3121'.
21:24:41 WARN  : SDK version '2018.1' doesn't match hw_server version '2022.1'. Some debug features may not work.
21:24:43 INFO  : Jtag cable 'Digilent Arty Z7 003017A4C81CA' is selected.
21:24:43 INFO  : 'jtag frequency' command is executed.
21:24:43 INFO  : Sourcing of 'C:/Users/gcapo/Documents/CESE/05_MyS/TF/senial_seno_ila/senial_seno_ila.sdk/sistema_wrapper_hw_platform_1/ps7_init.tcl' is done.
21:24:43 INFO  : Context for 'APU' is selected.
21:24:46 INFO  : Hardware design information is loaded from 'C:/Users/gcapo/Documents/CESE/05_MyS/TF/senial_seno_ila/senial_seno_ila.sdk/sistema_wrapper_hw_platform_1/system.hdf'.
21:24:46 INFO  : 'configparams force-mem-access 1' command is executed.
21:24:46 INFO  : Context for 'APU' is selected.
21:24:46 INFO  : 'stop' command is executed.
21:24:54 INFO  : 'ps7_init' command is executed.
21:24:54 INFO  : 'configparams force-mem-access 0' command is executed.
21:24:54 INFO  : ----------------XSDB Script----------------
connect -path [list tcp::1534 tcp:lseserver.ddns.net:3121]
source C:/Users/gcapo/Documents/CESE/05_MyS/TF/senial_seno_ila/senial_seno_ila.sdk/sistema_wrapper_hw_platform_1/ps7_init.tcl
targets -set -nocase -filter {name =~"APU*" && jtag_cable_name =~ "Digilent Arty Z7 003017A4C81CA"} -index 0
loadhw -hw C:/Users/gcapo/Documents/CESE/05_MyS/TF/senial_seno_ila/senial_seno_ila.sdk/sistema_wrapper_hw_platform_1/system.hdf -mem-ranges [list {0x40000000 0xbfffffff}]
configparams force-mem-access 1
targets -set -nocase -filter {name =~"APU*" && jtag_cable_name =~ "Digilent Arty Z7 003017A4C81CA"} -index 0
stop
ps7_init
configparams force-mem-access 0
----------------End of Script----------------

21:24:54 INFO  : Memory regions updated for context APU
21:24:54 INFO  : Launch script is exported to file 'C:\Users\gcapo\Documents\CESE\05_MyS\TF\senial_seno_ila\senial_seno_ila.sdk\.sdk\launch_scripts\xilinx_c-c++_application_(system_debugger)\system_debugger_on_servidor_cese.tcl'
21:25:56 INFO  : Disconnected from the channel tcfchan#6.
21:25:57 INFO  : 'targets -set -filter {jtag_cable_name =~ "Digilent Arty Z7 003017A4C81CA" && level==0} -index 1' command is executed.
21:25:57 INFO  : 'fpga -state' command is executed.
21:25:57 INFO  : Connected through redirection to target on host 'lseserver.ddns.net' and port '3121'.
21:25:57 WARN  : SDK version '2018.1' doesn't match hw_server version '2022.1'. Some debug features may not work.
21:26:00 INFO  : Jtag cable 'Digilent Arty Z7 003017A4C81CA' is selected.
21:26:00 INFO  : 'jtag frequency' command is executed.
21:26:00 INFO  : Sourcing of 'C:/Users/gcapo/Documents/CESE/05_MyS/TF/senial_seno_ila/senial_seno_ila.sdk/sistema_wrapper_hw_platform_1/ps7_init.tcl' is done.
21:26:00 INFO  : Context for 'APU' is selected.
21:26:03 INFO  : Hardware design information is loaded from 'C:/Users/gcapo/Documents/CESE/05_MyS/TF/senial_seno_ila/senial_seno_ila.sdk/sistema_wrapper_hw_platform_1/system.hdf'.
21:26:03 INFO  : 'configparams force-mem-access 1' command is executed.
21:26:03 INFO  : Context for 'APU' is selected.
21:26:03 INFO  : 'stop' command is executed.
21:26:11 INFO  : 'ps7_init' command is executed.
21:26:11 INFO  : 'configparams force-mem-access 0' command is executed.
21:26:11 INFO  : ----------------XSDB Script----------------
connect -path [list tcp::1534 tcp:lseserver.ddns.net:3121]
source C:/Users/gcapo/Documents/CESE/05_MyS/TF/senial_seno_ila/senial_seno_ila.sdk/sistema_wrapper_hw_platform_1/ps7_init.tcl
targets -set -nocase -filter {name =~"APU*" && jtag_cable_name =~ "Digilent Arty Z7 003017A4C81CA"} -index 0
loadhw -hw C:/Users/gcapo/Documents/CESE/05_MyS/TF/senial_seno_ila/senial_seno_ila.sdk/sistema_wrapper_hw_platform_1/system.hdf -mem-ranges [list {0x40000000 0xbfffffff}]
configparams force-mem-access 1
targets -set -nocase -filter {name =~"APU*" && jtag_cable_name =~ "Digilent Arty Z7 003017A4C81CA"} -index 0
stop
ps7_init
configparams force-mem-access 0
----------------End of Script----------------

21:26:11 INFO  : Memory regions updated for context APU
21:26:11 INFO  : Launch script is exported to file 'C:\Users\gcapo\Documents\CESE\05_MyS\TF\senial_seno_ila\senial_seno_ila.sdk\.sdk\launch_scripts\xilinx_c-c++_application_(system_debugger)\system_debugger_on_servidor_cese.tcl'
21:26:31 INFO  : Disconnected from the channel tcfchan#7.
